0 info it worked if it ends with ok
1 verbose cli [ '/usr/local/bin/node', '/usr/local/bin/npm', 'start' ]
2 info using npm@3.6.0
3 info using node@v5.6.0
4 verbose run-script [ 'prestart', 'start', 'poststart' ]
5 info lifecycle mongo-restifier@1.0.0~prestart: mongo-restifier@1.0.0
6 silly lifecycle mongo-restifier@1.0.0~prestart: no script for prestart, continuing
7 info lifecycle mongo-restifier@1.0.0~start: mongo-restifier@1.0.0
8 verbose lifecycle mongo-restifier@1.0.0~start: unsafe-perm in lifecycle true
9 verbose lifecycle mongo-restifier@1.0.0~start: PATH: /usr/local/lib/node_modules/npm/bin/node-gyp-bin:/Users/839655roje/data/projects/mongo-restifier/node_modules/.bin:/usr/local/git/bin:/usr/local/bin:/usr/bin:/bin:/usr/sbin:/sbin:/Users/839655roje/data/bin/apache-maven-3.3.3/bin:/Users/839655roje/data/bin:/Users/839655roje/data/bin/mongodb-osx-x86_64-3.0.4/bin:/Users/839655roje/data/elasticsearch/elasticsearch-2.1.1/bin
10 verbose lifecycle mongo-restifier@1.0.0~start: CWD: /Users/839655roje/data/projects/mongo-restifier
11 silly lifecycle mongo-restifier@1.0.0~start: Args: [ '-c', 'node app.js' ]
12 silly lifecycle mongo-restifier@1.0.0~start: Returned: code: 1  signal: null
13 info lifecycle mongo-restifier@1.0.0~start: Failed to exec start script
14 verbose stack Error: mongo-restifier@1.0.0 start: `node app.js`
14 verbose stack Exit status 1
14 verbose stack     at EventEmitter.<anonymous> (/usr/local/lib/node_modules/npm/lib/utils/lifecycle.js:232:16)
14 verbose stack     at emitTwo (events.js:100:13)
14 verbose stack     at EventEmitter.emit (events.js:185:7)
14 verbose stack     at ChildProcess.<anonymous> (/usr/local/lib/node_modules/npm/lib/utils/spawn.js:24:14)
14 verbose stack     at emitTwo (events.js:100:13)
14 verbose stack     at ChildProcess.emit (events.js:185:7)
14 verbose stack     at maybeClose (internal/child_process.js:827:16)
14 verbose stack     at Process.ChildProcess._handle.onexit (internal/child_process.js:211:5)
15 verbose pkgid mongo-restifier@1.0.0
16 verbose cwd /Users/839655roje/data/projects/mongo-restifier
17 error Darwin 15.0.0
18 error argv "/usr/local/bin/node" "/usr/local/bin/npm" "start"
19 error node v5.6.0
20 error npm  v3.6.0
21 error code ELIFECYCLE
22 error mongo-restifier@1.0.0 start: `node app.js`
22 error Exit status 1
23 error Failed at the mongo-restifier@1.0.0 start script 'node app.js'.
23 error Make sure you have the latest version of node.js and npm installed.
23 error If you do, this is most likely a problem with the mongo-restifier package,
23 error not with npm itself.
23 error Tell the author that this fails on your system:
23 error     node app.js
23 error You can get information on how to open an issue for this project with:
23 error     npm bugs mongo-restifier
23 error Or if that isn't available, you can get their info via:
23 error     npm owner ls mongo-restifier
23 error There is likely additional logging output above.
24 verbose exit [ 1, true ]
